Arguments: 
  /Users/liujianlin/.nvm/versions/node/v8.9.0/bin/node /usr/local/Cellar/yarn/1.3.2/libexec/bin/yarn.js add antd react

PATH: 
  /Library/Frameworks/Python.framework/Versions/2.7/bin:/Applications/Visual Studio Code.app/Contents/Resources/app/bin:/Users/liujianlin/.nvm/versions/node/v8.9.0/bin:/usr/local/bin:/usr/bin:/bin:/usr/sbin:/sbin:/usr/local/share/dotnet:/Library/Frameworks/Mono.framework/Versions/Current/Commands:/Users/liujianlin/workSpace/mongodb/bin:/Users/liujianlin/Documents/script:/Users/liujianlin/Library/Android/sdk/platform-tools

Yarn version: 
  1.3.2

Node version: 
  8.9.0

Platform: 
  darwin x64

npm manifest: 
  {
    "name": "taxiFix",
    "version": "1.0.0",
    "main": "index.js",
    "author": "macjohson",
    "license": "MIT",
    "dependencies": {
      "moment": "^2.21.0",
      "query-string": "^6.0.0"
    }
  }

yarn manifest: 
  No manifest

Lockfile: 
  # THIS IS AN AUTOGENERATED FILE. DO NOT EDIT THIS FILE DIRECTLY.
  # yarn lockfile v1
  
  
  decode-uri-component@^0.2.0:
    version "0.2.0"
    resolved "https://registry.yarnpkg.com/decode-uri-component/-/decode-uri-component-0.2.0.tgz#eb3913333458775cb84cd1a1fae062106bb87545"
  
  moment@^2.21.0:
    version "2.21.0"
    resolved "https://registry.yarnpkg.com/moment/-/moment-2.21.0.tgz#2a114b51d2a6ec9e6d83cf803f838a878d8a023a"
  
  query-string@^6.0.0:
    version "6.0.0"
    resolved "https://registry.yarnpkg.com/query-string/-/query-string-6.0.0.tgz#8b8f39447b73e8290d6f5e3581779218e9171142"
    dependencies:
      decode-uri-component "^0.2.0"
      strict-uri-encode "^2.0.0"
  
  strict-uri-encode@^2.0.0:
    version "2.0.0"
    resolved "https://registry.yarnpkg.com/strict-uri-encode/-/strict-uri-encode-2.0.0.tgz#b9c7330c7042862f6b142dc274bbcc5866ce3546"

Trace: 
  Error: write EADDRNOTAVAIL
      at _errnoException (util.js:1024:11)
      at WriteWrap.afterWrite [as oncomplete] (net.js:867:14)
